0 info it worked if it ends with ok
1 verbose cli [ 'node', '/usr/local/bin/npm', 'run', 'build' ]
2 info using npm@2.1.9
3 info using node@v0.10.25
4 verbose run-script [ 'prebuild', 'build', 'postbuild' ]
5 info prebuild ginatra@1.0.0
6 info build ginatra@1.0.0
7 verbose unsafe-perm in lifecycle true
8 info ginatra@1.0.0 Failed to exec build script
9 verbose stack Error: ginatra@1.0.0 build: `browserify -t reactify assets/js/app.jsx -o assets/js/bundle.js`
9 verbose stack Exit status 1
9 verbose stack     at EventEmitter.<anonymous> (/usr/local/lib/node_modules/npm/lib/utils/lifecycle.js:212:16)
9 verbose stack     at EventEmitter.emit (events.js:98:17)
9 verbose stack     at ChildProcess.<anonymous> (/usr/local/lib/node_modules/npm/lib/utils/spawn.js:14:12)
9 verbose stack     at ChildProcess.EventEmitter.emit (events.js:98:17)
9 verbose stack     at maybeClose (child_process.js:743:16)
9 verbose stack     at Process.ChildProcess._handle.onexit (child_process.js:810:5)
10 verbose pkgid ginatra@1.0.0
11 verbose cwd /Users/nathan/ruby-wife/ginatra
12 error Darwin 14.3.0
13 error argv "node" "/usr/local/bin/npm" "run" "build"
14 error node v0.10.25
15 error npm  v2.1.9
16 error code ELIFECYCLE
17 error ginatra@1.0.0 build: `browserify -t reactify assets/js/app.jsx -o assets/js/bundle.js`
17 error Exit status 1
18 error Failed at the ginatra@1.0.0 build script 'browserify -t reactify assets/js/app.jsx -o assets/js/bundle.js'.
18 error This is most likely a problem with the ginatra package,
18 error not with npm itself.
18 error Tell the author that this fails on your system:
18 error     browserify -t reactify assets/js/app.jsx -o assets/js/bundle.js
18 error You can get their info via:
18 error     npm owner ls ginatra
18 error There is likely additional logging output above.
19 verbose exit [ 1, true ]
